[debug] [2025-12-09T05:39:05.378Z] ----------------------------------------------------------------------
[debug] [2025-12-09T05:39:05.380Z] Command:       C:\Program Files\nodejs\node.exe C:\Users\Abo Hamza\AppData\Roaming\npm\node_modules\firebase-tools\lib\bin\firebase.js emulators:start
[debug] [2025-12-09T05:39:05.381Z] CLI Version:   14.27.0
[debug] [2025-12-09T05:39:05.381Z] Platform:      win32
[debug] [2025-12-09T05:39:05.381Z] Node Version:  v24.11.0
[debug] [2025-12-09T05:39:05.381Z] Time:          Tue Dec 09 2025 08:39:05 GMT+0300 (التوقيت العربي الرسمي)
[debug] [2025-12-09T05:39:05.381Z] ----------------------------------------------------------------------
[debug] 
[debug] [2025-12-09T05:39:05.562Z] > command requires scopes: ["email","openid","https://www.googleapis.com/auth/cloudplatformprojects.readonly","https://www.googleapis.com/auth/firebase","https://www.googleapis.com/auth/cloud-platform"]
[debug] [2025-12-09T05:39:05.562Z] > authorizing via signed-in user (mmm773769835@gmail.com)
[debug] [2025-12-09T05:39:05.617Z] openjdk version "17.0.13" 2024-10-15
OpenJDK Runtime Environment Temurin-17.0.13+11 (build 17.0.13+11)
OpenJDK 64-Bit Server VM Temurin-17.0.13+11 (build 17.0.13+11, mixed mode, sharing)

[debug] [2025-12-09T05:39:05.627Z] Parsed Java major version: 17
[warn] !!  emulators: firebase-tools will drop support for Java version < 21 soon in firebase-tools@15. Please install a JDK at version 21 or above to get a compatible runtime. 
[info] i  emulators: Starting emulators: auth, functions, firestore, storage, extensions {"metadata":{"emulator":{"name":"hub"},"message":"Starting emulators: auth, functions, firestore, storage, extensions"}}
[debug] [2025-12-09T05:39:05.630Z] Checked if tokens are valid: true, expires at: 1765260086136
[debug] [2025-12-09T05:39:05.630Z] Checked if tokens are valid: true, expires at: 1765260086136
[debug] [2025-12-09T05:39:05.631Z] >>> [apiv2][query] GET https://cloudresourcemanager.googleapis.com/v1/projects/t-rex-5b17f [none]
[debug] [2025-12-09T05:39:07.137Z] <<< [apiv2][status] GET https://cloudresourcemanager.googleapis.com/v1/projects/t-rex-5b17f 200
[debug] [2025-12-09T05:39:07.137Z] <<< [apiv2][body] GET https://cloudresourcemanager.googleapis.com/v1/projects/t-rex-5b17f {"projectNumber":"37814615065","projectId":"t-rex-5b17f","lifecycleState":"ACTIVE","name":"T-REX","labels":{"firebase":"enabled","firebase-core":"disabled"},"createTime":"2025-11-05T04:55:23.529435Z"}
[debug] [2025-12-09T05:39:07.148Z] [logging] Logging Emulator only supports listening on one address (127.0.0.1). Not listening on ::1
[debug] [2025-12-09T05:39:07.148Z] [auth] Authentication Emulator only supports listening on one address (127.0.0.1). Not listening on ::1
[debug] [2025-12-09T05:39:07.149Z] [firestore] Firestore Emulator only supports listening on one address (127.0.0.1). Not listening on ::1
[debug] [2025-12-09T05:39:07.149Z] [firestore.websocket] websocket server for firestore only supports listening on one address (127.0.0.1). Not listening on ::1
[debug] [2025-12-09T05:39:07.149Z] [storage] Storage Emulator only supports listening on one address (127.0.0.1). Not listening on ::1
[debug] [2025-12-09T05:39:07.149Z] assigned listening specs for emulators {"user":{"hub":[{"address":"127.0.0.1","family":"IPv4","port":4400},{"address":"::1","family":"IPv6","port":4400}],"ui":[{"address":"127.0.0.1","family":"IPv4","port":4002},{"address":"::1","family":"IPv6","port":4002}],"logging":[{"address":"127.0.0.1","family":"IPv4","port":4500}],"auth":[{"address":"127.0.0.1","family":"IPv4","port":9099}],"firestore":[{"address":"127.0.0.1","family":"IPv4","port":8081}],"firestore.websocket":[{"address":"127.0.0.1","family":"IPv4","port":9150}],"storage":[{"address":"127.0.0.1","family":"IPv4","port":9200}]},"metadata":{"message":"assigned listening specs for emulators"}}
[debug] [2025-12-09T05:39:07.152Z] Emulator locator file path: C:\Users\ABOHAM~1\AppData\Local\Temp\hub-t-rex-5b17f.json
[debug] [2025-12-09T05:39:07.153Z] [hub] writing locator at C:\Users\ABOHAM~1\AppData\Local\Temp\hub-t-rex-5b17f.json
[debug] [2025-12-09T05:39:07.161Z] [Extensions] Started Extensions emulator, this is a noop.
[debug] [2025-12-09T05:39:07.166Z] [functions] Functions Emulator only supports listening on one address (127.0.0.1). Not listening on ::1
[debug] [2025-12-09T05:39:07.166Z] [eventarc] Eventarc Emulator only supports listening on one address (127.0.0.1). Not listening on ::1
[debug] [2025-12-09T05:39:07.166Z] [tasks] Cloud Tasks Emulator only supports listening on one address (127.0.0.1). Not listening on ::1
[debug] [2025-12-09T05:39:07.166Z] late-assigned ports for functions and eventarc emulators {"user":{"hub":[{"address":"127.0.0.1","family":"IPv4","port":4400},{"address":"::1","family":"IPv6","port":4400}],"ui":[{"address":"127.0.0.1","family":"IPv4","port":4002},{"address":"::1","family":"IPv6","port":4002}],"logging":[{"address":"127.0.0.1","family":"IPv4","port":4500}],"auth":[{"address":"127.0.0.1","family":"IPv4","port":9099}],"firestore":[{"address":"127.0.0.1","family":"IPv4","port":8081}],"firestore.websocket":[{"address":"127.0.0.1","family":"IPv4","port":9150}],"storage":[{"address":"127.0.0.1","family":"IPv4","port":9200}],"functions":[{"address":"127.0.0.1","family":"IPv4","port":5001}],"eventarc":[{"address":"127.0.0.1","family":"IPv4","port":9299}],"tasks":[{"address":"127.0.0.1","family":"IPv4","port":9499}]},"metadata":{"message":"late-assigned ports for functions and eventarc emulators"}}
[warn] !  functions: The following emulators are not running, calls to these services from the Functions emulator will affect production: apphosting, database, hosting, pubsub, dataconnect {"metadata":{"emulator":{"name":"functions"},"message":"The following emulators are not running, calls to these services from the Functions emulator will affect production: \u001b[1mapphosting, database, hosting, pubsub, dataconnect\u001b[22m"}}
[debug] [2025-12-09T05:39:07.178Z] defaultcredentials: writing to file C:\Users\Abo Hamza\AppData\Roaming\firebase\mmm773769835_gmail_com_application_default_credentials.json
[debug] [2025-12-09T05:39:07.179Z] Setting GAC to C:\Users\Abo Hamza\AppData\Roaming\firebase\mmm773769835_gmail_com_application_default_credentials.json {"metadata":{"emulator":{"name":"functions"},"message":"Setting GAC to C:\\Users\\Abo Hamza\\AppData\\Roaming\\firebase\\mmm773769835_gmail_com_application_default_credentials.json"}}
[debug] [2025-12-09T05:39:07.179Z] Checked if tokens are valid: true, expires at: 1765260086136
[debug] [2025-12-09T05:39:07.179Z] Checked if tokens are valid: true, expires at: 1765260086136
[debug] [2025-12-09T05:39:07.179Z] >>> [apiv2][query] GET https://firebase.googleapis.com/v1beta1/projects/t-rex-5b17f/adminSdkConfig [none]
[debug] [2025-12-09T05:39:08.310Z] <<< [apiv2][status] GET https://firebase.googleapis.com/v1beta1/projects/t-rex-5b17f/adminSdkConfig 200
[debug] [2025-12-09T05:39:08.310Z] <<< [apiv2][body] GET https://firebase.googleapis.com/v1beta1/projects/t-rex-5b17f/adminSdkConfig {"projectId":"t-rex-5b17f","storageBucket":"t-rex-5b17f.firebasestorage.app"}
[debug] [2025-12-09T05:39:08.334Z] Ignoring unsupported arg: auto_download {"metadata":{"emulator":{"name":"firestore"},"message":"Ignoring unsupported arg: auto_download"}}
[debug] [2025-12-09T05:39:08.334Z] Ignoring unsupported arg: single_project_mode_error {"metadata":{"emulator":{"name":"firestore"},"message":"Ignoring unsupported arg: single_project_mode_error"}}
[debug] [2025-12-09T05:39:08.334Z] Starting Firestore Emulator with command {"binary":"java","args":["-Dgoogle.cloud_firestore.debug_log_level=FINE","-Duser.language=en","-jar","C:\\Users\\Abo Hamza\\.cache\\firebase\\emulators\\cloud-firestore-emulator-v1.19.8.jar","--host","127.0.0.1","--port",8081,"--websocket_port",9150,"--project_id","t-rex-5b17f","--rules","C:\\Users\\Abo Hamza\\Desktop\\T-REX_Shop_fu\\firestore.rules","--single_project_mode",true,"--functions_emulator","127.0.0.1:5001"],"optionalArgs":["port","webchannel_port","host","rules","websocket_port","functions_emulator","seed_from_export","project_id","single_project_mode"],"joinArgs":false,"shell":false,"port":8081} {"metadata":{"emulator":{"name":"firestore"},"message":"Starting Firestore Emulator with command {\"binary\":\"java\",\"args\":[\"-Dgoogle.cloud_firestore.debug_log_level=FINE\",\"-Duser.language=en\",\"-jar\",\"C:\\\\Users\\\\Abo Hamza\\\\.cache\\\\firebase\\\\emulators\\\\cloud-firestore-emulator-v1.19.8.jar\",\"--host\",\"127.0.0.1\",\"--port\",8081,\"--websocket_port\",9150,\"--project_id\",\"t-rex-5b17f\",\"--rules\",\"C:\\\\Users\\\\Abo Hamza\\\\Desktop\\\\T-REX_Shop_fu\\\\firestore.rules\",\"--single_project_mode\",true,\"--functions_emulator\",\"127.0.0.1:5001\"],\"optionalArgs\":[\"port\",\"webchannel_port\",\"host\",\"rules\",\"websocket_port\",\"functions_emulator\",\"seed_from_export\",\"project_id\",\"single_project_mode\"],\"joinArgs\":false,\"shell\":false,\"port\":8081}"}}
[info] i  firestore: Firestore Emulator logging to firestore-debug.log {"metadata":{"emulator":{"name":"firestore"},"message":"Firestore Emulator logging to \u001b[1mfirestore-debug.log\u001b[22m"}}
[debug] [2025-12-09T05:39:09.414Z] Dec 09, 2025 8:39:09 AM com.google.cloud.datastore.emulator.firestore.websocket.WebSocketServer start
INFO: Started WebSocket server on ws://127.0.0.1:9150
 {"metadata":{"emulator":{"name":"firestore"},"message":"Dec 09, 2025 8:39:09 AM com.google.cloud.datastore.emulator.firestore.websocket.WebSocketServer start\r\nINFO: Started WebSocket server on ws://127.0.0.1:9150\r\n"}}
[debug] [2025-12-09T05:39:09.459Z] API endpoint: http://127.0.0.1:8081 {"metadata":{"emulator":{"name":"firestore"},"message":"API endpoint: http://127.0.0.1:8081"}}
[debug] [2025-12-09T05:39:09.460Z] 
If you are using a library that supports the FIRESTORE_EMULATOR_HOST environment variable, run:

   export FIRESTORE_EMULATOR_HOST=127.0.0.1:8081

If you are running a Firestore in Datastore Mode project, run:

   export DATASTORE_EMULATOR_HOST=127.0.0.1:8081

Note: Support for Datastore Mode is in preview. If you encounter any bugs please file at https://github.com/firebase/firebase-tools/issues.
Dev App Server is now running.

 {"metadata":{"emulator":{"name":"firestore"},"message":"\nIf you are using a library that supports the FIRESTORE_EMULATOR_HOST environment variable, run:\r\n\n   export FIRESTORE_EMULATOR_HOST=127.0.0.1:8081\n\nIf you are running a Firestore in Datastore Mode project, run:\r\n\n   export DATASTORE_EMULATOR_HOST=127.0.0.1:8081\n\nNote: Support for Datastore Mode is in preview. If you encounter any bugs please file at https://github.com/firebase/firebase-tools/issues.\r\nDev App Server is now running.\n\r\n"}}
[info] +  firestore: Firestore Emulator UI websocket is running on 9150. {"metadata":{"emulator":{"name":"firestore"},"message":"Firestore Emulator UI websocket is running on 9150."}}
[debug] [2025-12-09T05:39:14.390Z] Ignoring unsupported arg: port {"metadata":{"emulator":{"name":"storage"},"message":"Ignoring unsupported arg: port"}}
[debug] [2025-12-09T05:39:15.033Z] Temp file directory for storage emulator: C:\Users\ABOHAM~1\AppData\Local\Temp/firebase/storage/blobs {"metadata":{"emulator":{"name":"storage"},"message":"Temp file directory for storage emulator: C:\\Users\\ABOHAM~1\\AppData\\Local\\Temp/firebase/storage/blobs"}}
[debug] [2025-12-09T05:39:15.044Z] [Extensions] Connecting Extensions emulator, this is a noop.
[info] i  functions: Watching "C:\Users\Abo Hamza\Desktop\T-REX_Shop_fu\functions" for Cloud Functions... {"metadata":{"emulator":{"name":"functions"},"message":"Watching \"C:\\Users\\Abo Hamza\\Desktop\\T-REX_Shop_fu\\functions\" for Cloud Functions..."}}
[debug] [2025-12-09T05:39:15.050Z] Validating nodejs source
[warn] !  functions: package.json indicates an outdated version of firebase-functions. Please upgrade using npm install --save firebase-functions@latest in your functions directory. 
[debug] [2025-12-09T05:39:16.434Z] > [functions] package.json contents: {
  "name": "functions",
  "description": "Cloud Functions for Firebase",
  "scripts": {
    "lint": "eslint .",
    "serve": "firebase emulators:start --only functions",
    "shell": "firebase functions:shell",
    "start": "npm run shell",
    "deploy": "firebase deploy --only functions",
    "logs": "firebase functions:log"
  },
  "engines": {
    "node": "24"
  },
  "main": "index.js",
  "dependencies": {
    "firebase-admin": "^13.6.0",
    "firebase-functions": "^7.0.0"
  },
  "devDependencies": {
    "eslint": "^8.15.0",
    "eslint-config-google": "^0.14.0",
    "firebase-functions-test": "^3.4.1"
  },
  "private": true
}
[debug] [2025-12-09T05:39:16.434Z] Building nodejs source
[debug] [2025-12-09T05:39:16.434Z] Failed to find version of module node: reached end of search path C:\Users\Abo Hamza\Desktop\T-REX_Shop_fu\functions\node_modules
[info] +  functions: Using node@24 from host. 
[debug] [2025-12-09T05:39:16.436Z] Could not find functions.yaml. Must use http discovery
[debug] [2025-12-09T05:39:16.443Z] Found firebase-functions binary at 'C:\Users\Abo Hamza\Desktop\T-REX_Shop_fu\functions\node_modules\.bin\firebase-functions'
[info] Serving at port 8425

[debug] [2025-12-09T05:39:17.120Z] Got response from /__/functions.yaml {"endpoints":{},"specVersion":"v1alpha1","requiredAPIs":[],"extensions":{}}
[debug] [2025-12-09T05:39:21.141Z] defaultcredentials: writing to file C:\Users\Abo Hamza\AppData\Roaming\firebase\mmm773769835_gmail_com_application_default_credentials.json
[debug] [2025-12-09T05:39:21.142Z] Setting GAC to C:\Users\Abo Hamza\AppData\Roaming\firebase\mmm773769835_gmail_com_application_default_credentials.json {"metadata":{"emulator":{"name":"functions"},"message":"Setting GAC to C:\\Users\\Abo Hamza\\AppData\\Roaming\\firebase\\mmm773769835_gmail_com_application_default_credentials.json"}}
[info] +  functions: Loaded functions definitions from source: . {"metadata":{"emulator":{"name":"functions"},"message":"Loaded functions definitions from source: ."}}
[info] i  functions: Watching "C:\Users\Abo Hamza\Desktop\T-REX_Shop_fu\trex-functions" for Cloud Functions... {"metadata":{"emulator":{"name":"functions"},"message":"Watching \"C:\\Users\\Abo Hamza\\Desktop\\T-REX_Shop_fu\\trex-functions\" for Cloud Functions..."}}
[debug] [2025-12-09T05:39:21.145Z] Validating nodejs source
[debug] [2025-12-09T05:39:22.765Z] > [functions] package.json contents: {
  "name": "functions",
  "description": "Cloud Functions for Firebase",
  "scripts": {
    "lint": "eslint .",
    "serve": "firebase emulators:start --only functions",
    "shell": "firebase functions:shell",
    "start": "npm run shell",
    "deploy": "firebase deploy --only functions",
    "logs": "firebase functions:log"
  },
  "engines": {
    "node": "24"
  },
  "main": "index.js",
  "dependencies": {
    "firebase-admin": "^13.6.0",
    "firebase-functions": "^7.0.1"
  },
  "devDependencies": {
    "eslint": "^8.15.0",
    "eslint-config-google": "^0.14.0",
    "firebase-functions-test": "^3.4.1"
  },
  "private": true
}
[debug] [2025-12-09T05:39:22.765Z] Building nodejs source
[debug] [2025-12-09T05:39:22.765Z] Failed to find version of module node: reached end of search path C:\Users\Abo Hamza\Desktop\T-REX_Shop_fu\trex-functions\node_modules
[info] +  functions: Using node@24 from host. 
[debug] [2025-12-09T05:39:22.767Z] Could not find functions.yaml. Must use http discovery
[debug] [2025-12-09T05:39:22.774Z] Found firebase-functions binary at 'C:\Users\Abo Hamza\Desktop\T-REX_Shop_fu\trex-functions\node_modules\.bin\firebase-functions'
[info] Serving at port 8779

[debug] [2025-12-09T05:39:23.388Z] Got response from /__/functions.yaml {"endpoints":{},"specVersion":"v1alpha1","requiredAPIs":[],"extensions":{}}
[debug] [2025-12-09T05:39:27.407Z] defaultcredentials: writing to file C:\Users\Abo Hamza\AppData\Roaming\firebase\mmm773769835_gmail_com_application_default_credentials.json
[debug] [2025-12-09T05:39:27.408Z] Setting GAC to C:\Users\Abo Hamza\AppData\Roaming\firebase\mmm773769835_gmail_com_application_default_credentials.json {"metadata":{"emulator":{"name":"functions"},"message":"Setting GAC to C:\\Users\\Abo Hamza\\AppData\\Roaming\\firebase\\mmm773769835_gmail_com_application_default_credentials.json"}}
[info] +  functions: Loaded functions definitions from source: . {"metadata":{"emulator":{"name":"functions"},"message":"Loaded functions definitions from source: ."}}
[debug] [2025-12-09T05:39:27.412Z] Could not find VSCode notification endpoint: FetchError: request to http://localhost:40001/vscode/notify failed, reason: . If you are not running the Firebase Data Connect VSCode extension, this is expected and not an issue.
[info] 
┌─────────────────────────────────────────────────────────────┐
│ ✔  All emulators ready! It is now safe to connect your app. │
│ i  View Emulator UI at http://127.0.0.1:4002/               │
└─────────────────────────────────────────────────────────────┘

┌────────────────┬────────────────┬──────────────────────────────────┐
│ Emulator       │ Host:Port      │ View in Emulator UI              │
├────────────────┼────────────────┼──────────────────────────────────┤
│ Authentication │ 127.0.0.1:9099 │ http://127.0.0.1:4002/auth       │
├────────────────┼────────────────┼──────────────────────────────────┤
│ Functions      │ 127.0.0.1:5001 │ http://127.0.0.1:4002/functions  │
├────────────────┼────────────────┼──────────────────────────────────┤
│ Firestore      │ 127.0.0.1:8081 │ http://127.0.0.1:4002/firestore  │
├────────────────┼────────────────┼──────────────────────────────────┤
│ Storage        │ 127.0.0.1:9200 │ http://127.0.0.1:4002/storage    │
├────────────────┼────────────────┼──────────────────────────────────┤
│ Extensions     │ 127.0.0.1:5001 │ http://127.0.0.1:4002/extensions │
└────────────────┴────────────────┴──────────────────────────────────┘
  Emulator Hub host: 127.0.0.1 port: 4400
  Other reserved ports: 4500, 9150
┌─────────────────────────┬───────────────┬─────────────────────┐
│ Extension Instance Name │ Extension Ref │ View in Emulator UI │
└─────────────────────────┴───────────────┴─────────────────────┘
Issues? Report them at https://github.com/firebase/firebase-tools/issues and attach the *-debug.log files.
 
[warn] !  emulators: firebase-tools will drop support for Java version < 21 soon in firebase-tools@15. Please install a JDK at version 21 or above to get a compatible runtime. 
[debug] [2025-12-09T06:05:26.439Z] Dec 09, 2025 9:05:26 AM io.gapi.emulators.netty.HttpVersionRoutingHandler channelRead
INFO: Detected non-HTTP/2 connection.
 {"metadata":{"emulator":{"name":"firestore"},"message":"Dec 09, 2025 9:05:26 AM io.gapi.emulators.netty.HttpVersionRoutingHandler channelRead\r\nINFO: Detected non-HTTP/2 connection.\r\n"}}
[debug] [2025-12-09T06:05:27.257Z] Dec 09, 2025 9:05:27 AM io.gapi.emulators.netty.HttpVersionRoutingHandler channelRead
INFO: Detected non-HTTP/2 connection.
 {"metadata":{"emulator":{"name":"firestore"},"message":"Dec 09, 2025 9:05:27 AM io.gapi.emulators.netty.HttpVersionRoutingHandler channelRead\r\nINFO: Detected non-HTTP/2 connection.\r\n"}}
[debug] [2025-12-09T06:06:12.276Z] Dec 09, 2025 9:06:12 AM io.gapi.emulators.netty.HttpVersionRoutingHandler channelRead
INFO: Detected non-HTTP/2 connection.
 {"metadata":{"emulator":{"name":"firestore"},"message":"Dec 09, 2025 9:06:12 AM io.gapi.emulators.netty.HttpVersionRoutingHandler channelRead\r\nINFO: Detected non-HTTP/2 connection.\r\n"}}
[debug] [2025-12-09T06:06:15.900Z] Dec 09, 2025 9:06:15 AM io.gapi.emulators.netty.HttpVersionRoutingHandler channelRead
INFO: Detected non-HTTP/2 connection.
 {"metadata":{"emulator":{"name":"firestore"},"message":"Dec 09, 2025 9:06:15 AM io.gapi.emulators.netty.HttpVersionRoutingHandler channelRead\r\nINFO: Detected non-HTTP/2 connection.\r\n"}}
[debug] [2025-12-09T06:06:15.919Z] Dec 09, 2025 9:06:15 AM io.gapi.emulators.netty.HttpVersionRoutingHandler channelRead
INFO: Detected non-HTTP/2 connection.
 {"metadata":{"emulator":{"name":"firestore"},"message":"Dec 09, 2025 9:06:15 AM io.gapi.emulators.netty.HttpVersionRoutingHandler channelRead\r\nINFO: Detected non-HTTP/2 connection.\r\n"}}
[debug] [2025-12-09T06:06:15.928Z] Dec 09, 2025 9:06:15 AM io.gapi.emulators.netty.HttpVersionRoutingHandler channelRead
INFO: Detected non-HTTP/2 connection.
 {"metadata":{"emulator":{"name":"firestore"},"message":"Dec 09, 2025 9:06:15 AM io.gapi.emulators.netty.HttpVersionRoutingHandler channelRead\r\nINFO: Detected non-HTTP/2 connection.\r\n"}}
[debug] [2025-12-09T06:06:16.037Z] Dec 09, 2025 9:06:16 AM io.gapi.emulators.netty.HttpVersionRoutingHandler channelRead
INFO: Detected non-HTTP/2 connection.
 {"metadata":{"emulator":{"name":"firestore"},"message":"Dec 09, 2025 9:06:16 AM io.gapi.emulators.netty.HttpVersionRoutingHandler channelRead\r\nINFO: Detected non-HTTP/2 connection.\r\n"}}
[debug] [2025-12-09T06:06:16.063Z] Dec 09, 2025 9:06:16 AM io.gapi.emulators.netty.HttpVersionRoutingHandler channelRead
INFO: Detected non-HTTP/2 connection.
 {"metadata":{"emulator":{"name":"firestore"},"message":"Dec 09, 2025 9:06:16 AM io.gapi.emulators.netty.HttpVersionRoutingHandler channelRead\r\nINFO: Detected non-HTTP/2 connection.\r\n"}}
[debug] [2025-12-09T06:06:16.087Z] Dec 09, 2025 9:06:16 AM io.gapi.emulators.netty.HttpVersionRoutingHandler channelRead
INFO: Detected non-HTTP/2 connection.
 {"metadata":{"emulator":{"name":"firestore"},"message":"Dec 09, 2025 9:06:16 AM io.gapi.emulators.netty.HttpVersionRoutingHandler channelRead\r\nINFO: Detected non-HTTP/2 connection.\r\n"}}
[debug] [2025-12-09T06:06:16.108Z] Dec 09, 2025 9:06:16 AM io.gapi.emulators.netty.HttpVersionRoutingHandler channelRead
INFO: Detected non-HTTP/2 connection.
 {"metadata":{"emulator":{"name":"firestore"},"message":"Dec 09, 2025 9:06:16 AM io.gapi.emulators.netty.HttpVersionRoutingHandler channelRead\r\nINFO: Detected non-HTTP/2 connection.\r\n"}}
[debug] [2025-12-09T06:06:16.768Z] Dec 09, 2025 9:06:16 AM io.gapi.emulators.netty.HttpVersionRoutingHandler channelRead
INFO: Detected non-HTTP/2 connection.
 {"metadata":{"emulator":{"name":"firestore"},"message":"Dec 09, 2025 9:06:16 AM io.gapi.emulators.netty.HttpVersionRoutingHandler channelRead\r\nINFO: Detected non-HTTP/2 connection.\r\n"}}
[debug] [2025-12-09T06:06:16.795Z] Dec 09, 2025 9:06:16 AM io.gapi.emulators.netty.HttpVersionRoutingHandler channelRead
INFO: Detected non-HTTP/2 connection.
 {"metadata":{"emulator":{"name":"firestore"},"message":"Dec 09, 2025 9:06:16 AM io.gapi.emulators.netty.HttpVersionRoutingHandler channelRead\r\nINFO: Detected non-HTTP/2 connection.\r\n"}}
[debug] [2025-12-09T06:06:16.820Z] Dec 09, 2025 9:06:16 AM io.gapi.emulators.netty.HttpVersionRoutingHandler channelRead
INFO: Detected non-HTTP/2 connection.
 {"metadata":{"emulator":{"name":"firestore"},"message":"Dec 09, 2025 9:06:16 AM io.gapi.emulators.netty.HttpVersionRoutingHandler channelRead\r\nINFO: Detected non-HTTP/2 connection.\r\n"}}
[debug] [2025-12-09T06:06:16.843Z] Dec 09, 2025 9:06:16 AM io.gapi.emulators.netty.HttpVersionRoutingHandler channelRead
INFO: Detected non-HTTP/2 connection.
 {"metadata":{"emulator":{"name":"firestore"},"message":"Dec 09, 2025 9:06:16 AM io.gapi.emulators.netty.HttpVersionRoutingHandler channelRead\r\nINFO: Detected non-HTTP/2 connection.\r\n"}}
[debug] [2025-12-09T06:06:16.864Z] Dec 09, 2025 9:06:16 AM io.gapi.emulators.netty.HttpVersionRoutingHandler channelRead
INFO: Detected non-HTTP/2 connection.
 {"metadata":{"emulator":{"name":"firestore"},"message":"Dec 09, 2025 9:06:16 AM io.gapi.emulators.netty.HttpVersionRoutingHandler channelRead\r\nINFO: Detected non-HTTP/2 connection.\r\n"}}
[debug] [2025-12-09T06:06:17.135Z] Dec 09, 2025 9:06:17 AM io.gapi.emulators.netty.HttpVersionRoutingHandler channelRead
INFO: Detected non-HTTP/2 connection.
 {"metadata":{"emulator":{"name":"firestore"},"message":"Dec 09, 2025 9:06:17 AM io.gapi.emulators.netty.HttpVersionRoutingHandler channelRead\r\nINFO: Detected non-HTTP/2 connection.\r\n"}}
[debug] [2025-12-09T06:06:17.163Z] Dec 09, 2025 9:06:17 AM io.gapi.emulators.netty.HttpVersionRoutingHandler channelRead
INFO: Detected non-HTTP/2 connection.
 {"metadata":{"emulator":{"name":"firestore"},"message":"Dec 09, 2025 9:06:17 AM io.gapi.emulators.netty.HttpVersionRoutingHandler channelRead\r\nINFO: Detected non-HTTP/2 connection.\r\n"}}
[debug] [2025-12-09T06:06:17.184Z] Dec 09, 2025 9:06:17 AM io.gapi.emulators.netty.HttpVersionRoutingHandler channelRead
INFO: Detected non-HTTP/2 connection.
 {"metadata":{"emulator":{"name":"firestore"},"message":"Dec 09, 2025 9:06:17 AM io.gapi.emulators.netty.HttpVersionRoutingHandler channelRead\r\nINFO: Detected non-HTTP/2 connection.\r\n"}}
[debug] [2025-12-09T06:06:17.207Z] Dec 09, 2025 9:06:17 AM io.gapi.emulators.netty.HttpVersionRoutingHandler channelRead
INFO: Detected non-HTTP/2 connection.
 {"metadata":{"emulator":{"name":"firestore"},"message":"Dec 09, 2025 9:06:17 AM io.gapi.emulators.netty.HttpVersionRoutingHandler channelRead\r\nINFO: Detected non-HTTP/2 connection.\r\n"}}
[debug] [2025-12-09T06:06:17.231Z] Dec 09, 2025 9:06:17 AM io.gapi.emulators.netty.HttpVersionRoutingHandler channelRead
INFO: Detected non-HTTP/2 connection.
 {"metadata":{"emulator":{"name":"firestore"},"message":"Dec 09, 2025 9:06:17 AM io.gapi.emulators.netty.HttpVersionRoutingHandler channelRead\r\nINFO: Detected non-HTTP/2 connection.\r\n"}}
[debug] [2025-12-09T06:06:17.383Z] Dec 09, 2025 9:06:17 AM io.gapi.emulators.netty.HttpVersionRoutingHandler channelRead
INFO: Detected non-HTTP/2 connection.
 {"metadata":{"emulator":{"name":"firestore"},"message":"Dec 09, 2025 9:06:17 AM io.gapi.emulators.netty.HttpVersionRoutingHandler channelRead\r\nINFO: Detected non-HTTP/2 connection.\r\n"}}
[debug] [2025-12-09T06:06:17.414Z] Dec 09, 2025 9:06:17 AM io.gapi.emulators.netty.HttpVersionRoutingHandler channelRead
INFO: Detected non-HTTP/2 connection.
 {"metadata":{"emulator":{"name":"firestore"},"message":"Dec 09, 2025 9:06:17 AM io.gapi.emulators.netty.HttpVersionRoutingHandler channelRead\r\nINFO: Detected non-HTTP/2 connection.\r\n"}}
[debug] [2025-12-09T06:06:17.438Z] Dec 09, 2025 9:06:17 AM io.gapi.emulators.netty.HttpVersionRoutingHandler channelRead
INFO: Detected non-HTTP/2 connection.
 {"metadata":{"emulator":{"name":"firestore"},"message":"Dec 09, 2025 9:06:17 AM io.gapi.emulators.netty.HttpVersionRoutingHandler channelRead\r\nINFO: Detected non-HTTP/2 connection.\r\n"}}
[debug] [2025-12-09T06:06:17.464Z] Dec 09, 2025 9:06:17 AM io.gapi.emulators.netty.HttpVersionRoutingHandler channelRead
INFO: Detected non-HTTP/2 connection.
 {"metadata":{"emulator":{"name":"firestore"},"message":"Dec 09, 2025 9:06:17 AM io.gapi.emulators.netty.HttpVersionRoutingHandler channelRead\r\nINFO: Detected non-HTTP/2 connection.\r\n"}}
[debug] [2025-12-09T06:06:17.487Z] Dec 09, 2025 9:06:17 AM io.gapi.emulators.netty.HttpVersionRoutingHandler channelRead
INFO: Detected non-HTTP/2 connection.
 {"metadata":{"emulator":{"name":"firestore"},"message":"Dec 09, 2025 9:06:17 AM io.gapi.emulators.netty.HttpVersionRoutingHandler channelRead\r\nINFO: Detected non-HTTP/2 connection.\r\n"}}
[debug] [2025-12-09T06:06:17.581Z] Dec 09, 2025 9:06:17 AM io.gapi.emulators.netty.HttpVersionRoutingHandler channelRead
INFO: Detected non-HTTP/2 connection.
 {"metadata":{"emulator":{"name":"firestore"},"message":"Dec 09, 2025 9:06:17 AM io.gapi.emulators.netty.HttpVersionRoutingHandler channelRead\r\nINFO: Detected non-HTTP/2 connection.\r\n"}}
[debug] [2025-12-09T06:06:17.607Z] Dec 09, 2025 9:06:17 AM io.gapi.emulators.netty.HttpVersionRoutingHandler channelRead
INFO: Detected non-HTTP/2 connection.
 {"metadata":{"emulator":{"name":"firestore"},"message":"Dec 09, 2025 9:06:17 AM io.gapi.emulators.netty.HttpVersionRoutingHandler channelRead\r\nINFO: Detected non-HTTP/2 connection.\r\n"}}
[debug] [2025-12-09T06:06:17.633Z] Dec 09, 2025 9:06:17 AM io.gapi.emulators.netty.HttpVersionRoutingHandler channelRead
INFO: Detected non-HTTP/2 connection.
 {"metadata":{"emulator":{"name":"firestore"},"message":"Dec 09, 2025 9:06:17 AM io.gapi.emulators.netty.HttpVersionRoutingHandler channelRead\r\nINFO: Detected non-HTTP/2 connection.\r\n"}}
[debug] [2025-12-09T06:06:17.660Z] Dec 09, 2025 9:06:17 AM io.gapi.emulators.netty.HttpVersionRoutingHandler channelRead
INFO: Detected non-HTTP/2 connection.
 {"metadata":{"emulator":{"name":"firestore"},"message":"Dec 09, 2025 9:06:17 AM io.gapi.emulators.netty.HttpVersionRoutingHandler channelRead\r\nINFO: Detected non-HTTP/2 connection.\r\n"}}
[debug] [2025-12-09T06:06:17.689Z] Dec 09, 2025 9:06:17 AM io.gapi.emulators.netty.HttpVersionRoutingHandler channelRead
INFO: Detected non-HTTP/2 connection.
 {"metadata":{"emulator":{"name":"firestore"},"message":"Dec 09, 2025 9:06:17 AM io.gapi.emulators.netty.HttpVersionRoutingHandler channelRead\r\nINFO: Detected non-HTTP/2 connection.\r\n"}}
[debug] [2025-12-09T06:06:17.757Z] Dec 09, 2025 9:06:17 AM io.gapi.emulators.netty.HttpVersionRoutingHandler channelRead
INFO: Detected non-HTTP/2 connection.
 {"metadata":{"emulator":{"name":"firestore"},"message":"Dec 09, 2025 9:06:17 AM io.gapi.emulators.netty.HttpVersionRoutingHandler channelRead\r\nINFO: Detected non-HTTP/2 connection.\r\n"}}
[debug] [2025-12-09T06:06:17.790Z] Dec 09, 2025 9:06:17 AM io.gapi.emulators.netty.HttpVersionRoutingHandler channelRead
INFO: Detected non-HTTP/2 connection.
 {"metadata":{"emulator":{"name":"firestore"},"message":"Dec 09, 2025 9:06:17 AM io.gapi.emulators.netty.HttpVersionRoutingHandler channelRead\r\nINFO: Detected non-HTTP/2 connection.\r\n"}}
[debug] [2025-12-09T06:06:17.830Z] Dec 09, 2025 9:06:17 AM io.gapi.emulators.netty.HttpVersionRoutingHandler channelRead
INFO: Detected non-HTTP/2 connection.
 {"metadata":{"emulator":{"name":"firestore"},"message":"Dec 09, 2025 9:06:17 AM io.gapi.emulators.netty.HttpVersionRoutingHandler channelRead\r\nINFO: Detected non-HTTP/2 connection.\r\n"}}
[debug] [2025-12-09T06:06:17.856Z] Dec 09, 2025 9:06:17 AM io.gapi.emulators.netty.HttpVersionRoutingHandler channelRead
INFO: Detected non-HTTP/2 connection.
 {"metadata":{"emulator":{"name":"firestore"},"message":"Dec 09, 2025 9:06:17 AM io.gapi.emulators.netty.HttpVersionRoutingHandler channelRead\r\nINFO: Detected non-HTTP/2 connection.\r\n"}}
[debug] [2025-12-09T06:06:17.879Z] Dec 09, 2025 9:06:17 AM io.gapi.emulators.netty.HttpVersionRoutingHandler channelRead
INFO: Detected non-HTTP/2 connection.
 {"metadata":{"emulator":{"name":"firestore"},"message":"Dec 09, 2025 9:06:17 AM io.gapi.emulators.netty.HttpVersionRoutingHandler channelRead\r\nINFO: Detected non-HTTP/2 connection.\r\n"}}
[debug] [2025-12-09T06:06:17.911Z] Dec 09, 2025 9:06:17 AM io.gapi.emulators.netty.HttpVersionRoutingHandler channelRead
INFO: Detected non-HTTP/2 connection.
 {"metadata":{"emulator":{"name":"firestore"},"message":"Dec 09, 2025 9:06:17 AM io.gapi.emulators.netty.HttpVersionRoutingHandler channelRead\r\nINFO: Detected non-HTTP/2 connection.\r\n"}}
[debug] [2025-12-09T06:06:17.938Z] Dec 09, 2025 9:06:17 AM io.gapi.emulators.netty.HttpVersionRoutingHandler channelRead
INFO: Detected non-HTTP/2 connection.
 {"metadata":{"emulator":{"name":"firestore"},"message":"Dec 09, 2025 9:06:17 AM io.gapi.emulators.netty.HttpVersionRoutingHandler channelRead\r\nINFO: Detected non-HTTP/2 connection.\r\n"}}
[debug] [2025-12-09T06:06:17.963Z] Dec 09, 2025 9:06:17 AM io.gapi.emulators.netty.HttpVersionRoutingHandler channelRead
INFO: Detected non-HTTP/2 connection.
 {"metadata":{"emulator":{"name":"firestore"},"message":"Dec 09, 2025 9:06:17 AM io.gapi.emulators.netty.HttpVersionRoutingHandler channelRead\r\nINFO: Detected non-HTTP/2 connection.\r\n"}}
[debug] [2025-12-09T06:06:17.987Z] Dec 09, 2025 9:06:17 AM io.gapi.emulators.netty.HttpVersionRoutingHandler channelRead
INFO: Detected non-HTTP/2 connection.
 {"metadata":{"emulator":{"name":"firestore"},"message":"Dec 09, 2025 9:06:17 AM io.gapi.emulators.netty.HttpVersionRoutingHandler channelRead\r\nINFO: Detected non-HTTP/2 connection.\r\n"}}
[debug] [2025-12-09T06:06:18.011Z] Dec 09, 2025 9:06:18 AM io.gapi.emulators.netty.HttpVersionRoutingHandler channelRead
INFO: Detected non-HTTP/2 connection.
 {"metadata":{"emulator":{"name":"firestore"},"message":"Dec 09, 2025 9:06:18 AM io.gapi.emulators.netty.HttpVersionRoutingHandler channelRead\r\nINFO: Detected non-HTTP/2 connection.\r\n"}}
[debug] [2025-12-09T06:06:18.039Z] Dec 09, 2025 9:06:18 AM io.gapi.emulators.netty.HttpVersionRoutingHandler channelRead
INFO: Detected non-HTTP/2 connection.
 {"metadata":{"emulator":{"name":"firestore"},"message":"Dec 09, 2025 9:06:18 AM io.gapi.emulators.netty.HttpVersionRoutingHandler channelRead\r\nINFO: Detected non-HTTP/2 connection.\r\n"}}
[debug] [2025-12-09T06:06:18.066Z] Dec 09, 2025 9:06:18 AM io.gapi.emulators.netty.HttpVersionRoutingHandler channelRead
INFO: Detected non-HTTP/2 connection.
 {"metadata":{"emulator":{"name":"firestore"},"message":"Dec 09, 2025 9:06:18 AM io.gapi.emulators.netty.HttpVersionRoutingHandler channelRead\r\nINFO: Detected non-HTTP/2 connection.\r\n"}}
[debug] [2025-12-09T06:06:18.089Z] Dec 09, 2025 9:06:18 AM io.gapi.emulators.netty.HttpVersionRoutingHandler channelRead
INFO: Detected non-HTTP/2 connection.
 {"metadata":{"emulator":{"name":"firestore"},"message":"Dec 09, 2025 9:06:18 AM io.gapi.emulators.netty.HttpVersionRoutingHandler channelRead\r\nINFO: Detected non-HTTP/2 connection.\r\n"}}
[debug] [2025-12-09T06:06:18.118Z] Dec 09, 2025 9:06:18 AM io.gapi.emulators.netty.HttpVersionRoutingHandler channelRead
INFO: Detected non-HTTP/2 connection.
 {"metadata":{"emulator":{"name":"firestore"},"message":"Dec 09, 2025 9:06:18 AM io.gapi.emulators.netty.HttpVersionRoutingHandler channelRead\r\nINFO: Detected non-HTTP/2 connection.\r\n"}}
[debug] [2025-12-09T06:06:18.138Z] Dec 09, 2025 9:06:18 AM io.gapi.emulators.netty.HttpVersionRoutingHandler channelRead
INFO: Detected non-HTTP/2 connection.
 {"metadata":{"emulator":{"name":"firestore"},"message":"Dec 09, 2025 9:06:18 AM io.gapi.emulators.netty.HttpVersionRoutingHandler channelRead\r\nINFO: Detected non-HTTP/2 connection.\r\n"}}
[debug] [2025-12-09T06:07:18.167Z] Dec 09, 2025 9:07:18 AM io.gapi.emulators.netty.HttpVersionRoutingHandler channelRead
INFO: Detected non-HTTP/2 connection.
 {"metadata":{"emulator":{"name":"firestore"},"message":"Dec 09, 2025 9:07:18 AM io.gapi.emulators.netty.HttpVersionRoutingHandler channelRead\r\nINFO: Detected non-HTTP/2 connection.\r\n"}}
[debug] [2025-12-09T06:07:18.168Z] Dec 09, 2025 9:07:18 AM io.gapi.emulators.netty.HttpVersionRoutingHandler channelRead
INFO: Detected non-HTTP/2 connection.
 {"metadata":{"emulator":{"name":"firestore"},"message":"Dec 09, 2025 9:07:18 AM io.gapi.emulators.netty.HttpVersionRoutingHandler channelRead\r\nINFO: Detected non-HTTP/2 connection.\r\n"}}
[debug] [2025-12-09T06:07:18.171Z] Dec 09, 2025 9:07:18 AM com.google.cloud.datastore.emulator.firestore.webchannel.FirestoreV1WebChannelAdapter$FirestoreWriteHandler onClose
INFO: channel closed
 {"metadata":{"emulator":{"name":"firestore"},"message":"Dec 09, 2025 9:07:18 AM com.google.cloud.datastore.emulator.firestore.webchannel.FirestoreV1WebChannelAdapter$FirestoreWriteHandler onClose\r\nINFO: channel closed\r\n"}}
[debug] [2025-12-09T06:08:03.174Z] Dec 09, 2025 9:08:03 AM io.gapi.emulators.netty.HttpVersionRoutingHandler channelRead
INFO: Detected non-HTTP/2 connection.
 {"metadata":{"emulator":{"name":"firestore"},"message":"Dec 09, 2025 9:08:03 AM io.gapi.emulators.netty.HttpVersionRoutingHandler channelRead\r\nINFO: Detected non-HTTP/2 connection.\r\n"}}
[debug] [2025-12-09T06:09:03.180Z] Dec 09, 2025 9:09:03 AM io.gapi.emulators.netty.HttpVersionRoutingHandler channelRead
INFO: Detected non-HTTP/2 connection.
 {"metadata":{"emulator":{"name":"firestore"},"message":"Dec 09, 2025 9:09:03 AM io.gapi.emulators.netty.HttpVersionRoutingHandler channelRead\r\nINFO: Detected non-HTTP/2 connection.\r\n"}}
[debug] [2025-12-09T06:10:03.188Z] Dec 09, 2025 9:10:03 AM io.gapi.emulators.netty.HttpVersionRoutingHandler channelRead
INFO: Detected non-HTTP/2 connection.
 {"metadata":{"emulator":{"name":"firestore"},"message":"Dec 09, 2025 9:10:03 AM io.gapi.emulators.netty.HttpVersionRoutingHandler channelRead\r\nINFO: Detected non-HTTP/2 connection.\r\n"}}
[debug] [2025-12-09T06:11:18.200Z] Dec 09, 2025 9:11:18 AM io.gapi.emulators.netty.HttpVersionRoutingHandler channelRead
INFO: Detected non-HTTP/2 connection.
 {"metadata":{"emulator":{"name":"firestore"},"message":"Dec 09, 2025 9:11:18 AM io.gapi.emulators.netty.HttpVersionRoutingHandler channelRead\r\nINFO: Detected non-HTTP/2 connection.\r\n"}}
[debug] [2025-12-10T00:34:15.197Z] ----------------------------------------------------------------------
[debug] [2025-12-10T00:34:15.200Z] Command:       C:\Program Files\nodejs\node.exe C:\Users\Abo Hamza\AppData\Roaming\npm\node_modules\firebase-tools\lib\bin\firebase.js emulators:start
[debug] [2025-12-10T00:34:15.200Z] CLI Version:   14.27.0
[debug] [2025-12-10T00:34:15.200Z] Platform:      win32
[debug] [2025-12-10T00:34:15.200Z] Node Version:  v24.11.0
[debug] [2025-12-10T00:34:15.200Z] Time:          Wed Dec 10 2025 03:34:15 GMT+0300 (التوقيت العربي الرسمي)
[debug] [2025-12-10T00:34:15.200Z] ----------------------------------------------------------------------
[debug] 
[debug] [2025-12-10T00:34:15.378Z] > command requires scopes: ["email","openid","https://www.googleapis.com/auth/cloudplatformprojects.readonly","https://www.googleapis.com/auth/firebase","https://www.googleapis.com/auth/cloud-platform"]
[debug] [2025-12-10T00:34:15.378Z] > authorizing via signed-in user (mmm773769835@gmail.com)
[debug] [2025-12-10T00:34:15.438Z] openjdk version "17.0.13" 2024-10-15
OpenJDK Runtime Environment Temurin-17.0.13+11 (build 17.0.13+11)

[debug] [2025-12-10T00:34:15.439Z] OpenJDK 64-Bit Server VM Temurin-17.0.13+11 (build 17.0.13+11, mixed mode, sharing)

[debug] [2025-12-10T00:34:15.448Z] Parsed Java major version: 17
[warn] !!  emulators: firebase-tools will drop support for Java version < 21 soon in firebase-tools@15. Please install a JDK at version 21 or above to get a compatible runtime. 
[info] i  emulators: Starting emulators: auth, functions, firestore, storage, extensions {"metadata":{"emulator":{"name":"hub"},"message":"Starting emulators: auth, functions, firestore, storage, extensions"}}
[debug] [2025-12-10T00:34:15.450Z] Checked if tokens are valid: false, expires at: 1765260086136
[debug] [2025-12-10T00:34:15.450Z] Checked if tokens are valid: false, expires at: 1765260086136
[debug] [2025-12-10T00:34:15.451Z] > refreshing access token with scopes: []
[debug] [2025-12-10T00:34:15.452Z] >>> [apiv2][query] POST https://www.googleapis.com/oauth2/v3/token [none]
[debug] [2025-12-10T00:34:15.452Z] >>> [apiv2][body] POST https://www.googleapis.com/oauth2/v3/token [omitted]
[debug] [2025-12-10T00:34:16.090Z] <<< [apiv2][status] POST https://www.googleapis.com/oauth2/v3/token 200
[debug] [2025-12-10T00:34:16.090Z] <<< [apiv2][body] POST https://www.googleapis.com/oauth2/v3/token [omitted]
[debug] [2025-12-10T00:34:16.104Z] >>> [apiv2][query] GET https://cloudresourcemanager.googleapis.com/v1/projects/t-rex-5b17f [none]
[debug] [2025-12-10T00:34:18.045Z] <<< [apiv2][status] GET https://cloudresourcemanager.googleapis.com/v1/projects/t-rex-5b17f 200
[debug] [2025-12-10T00:34:18.045Z] <<< [apiv2][body] GET https://cloudresourcemanager.googleapis.com/v1/projects/t-rex-5b17f {"projectNumber":"37814615065","projectId":"t-rex-5b17f","lifecycleState":"ACTIVE","name":"T-REX","labels":{"firebase":"enabled","firebase-core":"disabled"},"createTime":"2025-11-05T04:55:23.529435Z"}
[debug] [2025-12-10T00:34:18.055Z] [logging] Logging Emulator only supports listening on one address (127.0.0.1). Not listening on ::1
[debug] [2025-12-10T00:34:18.055Z] [auth] Authentication Emulator only supports listening on one address (127.0.0.1). Not listening on ::1
[debug] [2025-12-10T00:34:18.055Z] [firestore] Firestore Emulator only supports listening on one address (127.0.0.1). Not listening on ::1
[debug] [2025-12-10T00:34:18.056Z] [firestore.websocket] websocket server for firestore only supports listening on one address (127.0.0.1). Not listening on ::1
[debug] [2025-12-10T00:34:18.056Z] [storage] Storage Emulator only supports listening on one address (127.0.0.1). Not listening on ::1
[debug] [2025-12-10T00:34:18.056Z] assigned listening specs for emulators {"user":{"hub":[{"address":"127.0.0.1","family":"IPv4","port":4400},{"address":"::1","family":"IPv6","port":4400}],"ui":[{"address":"127.0.0.1","family":"IPv4","port":4002},{"address":"::1","family":"IPv6","port":4002}],"logging":[{"address":"127.0.0.1","family":"IPv4","port":4500}],"auth":[{"address":"127.0.0.1","family":"IPv4","port":9099}],"firestore":[{"address":"127.0.0.1","family":"IPv4","port":8081}],"firestore.websocket":[{"address":"127.0.0.1","family":"IPv4","port":9150}],"storage":[{"address":"127.0.0.1","family":"IPv4","port":9200}]},"metadata":{"message":"assigned listening specs for emulators"}}
[debug] [2025-12-10T00:34:18.059Z] Emulator locator file path: C:\Users\ABOHAM~1\AppData\Local\Temp\hub-t-rex-5b17f.json
[warn] !  emulators: It seems that you are running multiple instances of the emulator suite for project t-rex-5b17f. This may result in unexpected behavior. 
[debug] [2025-12-10T00:34:18.060Z] [hub] writing locator at C:\Users\ABOHAM~1\AppData\Local\Temp\hub-t-rex-5b17f.json
[debug] [2025-12-10T00:34:18.066Z] [Extensions] Started Extensions emulator, this is a noop.
[debug] [2025-12-10T00:34:18.070Z] [functions] Functions Emulator only supports listening on one address (127.0.0.1). Not listening on ::1
[debug] [2025-12-10T00:34:18.070Z] [eventarc] Eventarc Emulator only supports listening on one address (127.0.0.1). Not listening on ::1
[debug] [2025-12-10T00:34:18.070Z] [tasks] Cloud Tasks Emulator only supports listening on one address (127.0.0.1). Not listening on ::1
[debug] [2025-12-10T00:34:18.070Z] late-assigned ports for functions and eventarc emulators {"user":{"hub":[{"address":"127.0.0.1","family":"IPv4","port":4400},{"address":"::1","family":"IPv6","port":4400}],"ui":[{"address":"127.0.0.1","family":"IPv4","port":4002},{"address":"::1","family":"IPv6","port":4002}],"logging":[{"address":"127.0.0.1","family":"IPv4","port":4500}],"auth":[{"address":"127.0.0.1","family":"IPv4","port":9099}],"firestore":[{"address":"127.0.0.1","family":"IPv4","port":8081}],"firestore.websocket":[{"address":"127.0.0.1","family":"IPv4","port":9150}],"storage":[{"address":"127.0.0.1","family":"IPv4","port":9200}],"functions":[{"address":"127.0.0.1","family":"IPv4","port":5001}],"eventarc":[{"address":"127.0.0.1","family":"IPv4","port":9299}],"tasks":[{"address":"127.0.0.1","family":"IPv4","port":9499}]},"metadata":{"message":"late-assigned ports for functions and eventarc emulators"}}
[warn] !  functions: The following emulators are not running, calls to these services from the Functions emulator will affect production: apphosting, database, hosting, pubsub, dataconnect {"metadata":{"emulator":{"name":"functions"},"message":"The following emulators are not running, calls to these services from the Functions emulator will affect production: \u001b[1mapphosting, database, hosting, pubsub, dataconnect\u001b[22m"}}
[debug] [2025-12-10T00:34:18.081Z] defaultcredentials: writing to file C:\Users\Abo Hamza\AppData\Roaming\firebase\mmm773769835_gmail_com_application_default_credentials.json
[debug] [2025-12-10T00:34:18.082Z] Setting GAC to C:\Users\Abo Hamza\AppData\Roaming\firebase\mmm773769835_gmail_com_application_default_credentials.json {"metadata":{"emulator":{"name":"functions"},"message":"Setting GAC to C:\\Users\\Abo Hamza\\AppData\\Roaming\\firebase\\mmm773769835_gmail_com_application_default_credentials.json"}}
[debug] [2025-12-10T00:34:18.082Z] Checked if tokens are valid: true, expires at: 1765330455090
[debug] [2025-12-10T00:34:18.082Z] Checked if tokens are valid: true, expires at: 1765330455090
[debug] [2025-12-10T00:34:18.082Z] >>> [apiv2][query] GET https://firebase.googleapis.com/v1beta1/projects/t-rex-5b17f/adminSdkConfig [none]
[debug] [2025-12-10T00:34:19.438Z] <<< [apiv2][status] GET https://firebase.googleapis.com/v1beta1/projects/t-rex-5b17f/adminSdkConfig 200
[debug] [2025-12-10T00:34:19.438Z] <<< [apiv2][body] GET https://firebase.googleapis.com/v1beta1/projects/t-rex-5b17f/adminSdkConfig {"projectId":"t-rex-5b17f","storageBucket":"t-rex-5b17f.firebasestorage.app"}
[debug] [2025-12-10T00:34:19.460Z] Ignoring unsupported arg: auto_download {"metadata":{"emulator":{"name":"firestore"},"message":"Ignoring unsupported arg: auto_download"}}
[debug] [2025-12-10T00:34:19.460Z] Ignoring unsupported arg: single_project_mode_error {"metadata":{"emulator":{"name":"firestore"},"message":"Ignoring unsupported arg: single_project_mode_error"}}
[debug] [2025-12-10T00:34:19.460Z] Starting Firestore Emulator with command {"binary":"java","args":["-Dgoogle.cloud_firestore.debug_log_level=FINE","-Duser.language=en","-jar","C:\\Users\\Abo Hamza\\.cache\\firebase\\emulators\\cloud-firestore-emulator-v1.19.8.jar","--host","127.0.0.1","--port",8081,"--websocket_port",9150,"--project_id","t-rex-5b17f","--rules","C:\\Users\\Abo Hamza\\Desktop\\T-REX_Shop_fu\\firestore.rules","--single_project_mode",true,"--functions_emulator","127.0.0.1:5001"],"optionalArgs":["port","webchannel_port","host","rules","websocket_port","functions_emulator","seed_from_export","project_id","single_project_mode"],"joinArgs":false,"shell":false,"port":8081} {"metadata":{"emulator":{"name":"firestore"},"message":"Starting Firestore Emulator with command {\"binary\":\"java\",\"args\":[\"-Dgoogle.cloud_firestore.debug_log_level=FINE\",\"-Duser.language=en\",\"-jar\",\"C:\\\\Users\\\\Abo Hamza\\\\.cache\\\\firebase\\\\emulators\\\\cloud-firestore-emulator-v1.19.8.jar\",\"--host\",\"127.0.0.1\",\"--port\",8081,\"--websocket_port\",9150,\"--project_id\",\"t-rex-5b17f\",\"--rules\",\"C:\\\\Users\\\\Abo Hamza\\\\Desktop\\\\T-REX_Shop_fu\\\\firestore.rules\",\"--single_project_mode\",true,\"--functions_emulator\",\"127.0.0.1:5001\"],\"optionalArgs\":[\"port\",\"webchannel_port\",\"host\",\"rules\",\"websocket_port\",\"functions_emulator\",\"seed_from_export\",\"project_id\",\"single_project_mode\"],\"joinArgs\":false,\"shell\":false,\"port\":8081}"}}
[info] i  firestore: Firestore Emulator logging to firestore-debug.log {"metadata":{"emulator":{"name":"firestore"},"message":"Firestore Emulator logging to \u001b[1mfirestore-debug.log\u001b[22m"}}
[debug] [2025-12-10T00:34:20.852Z] Dec 10, 2025 3:34:20 AM com.google.cloud.datastore.emulator.firestore.websocket.WebSocketServer start
INFO: Started WebSocket server on ws://127.0.0.1:9150
 {"metadata":{"emulator":{"name":"firestore"},"message":"Dec 10, 2025 3:34:20 AM com.google.cloud.datastore.emulator.firestore.websocket.WebSocketServer start\r\nINFO: Started WebSocket server on ws://127.0.0.1:9150\r\n"}}
[debug] [2025-12-10T00:34:20.895Z] API endpoint: http://127.0.0.1:8081 {"metadata":{"emulator":{"name":"firestore"},"message":"API endpoint: http://127.0.0.1:8081"}}
[debug] [2025-12-10T00:34:20.895Z] 
If you are using a library that supports the FIRESTORE_EMULATOR_HOST environment variable, run:

   export FIRESTORE_EMULATOR_HOST=127.0.0.1:8081

If you are running a Firestore in Datastore Mode project, run:

   export DATASTORE_EMULATOR_HOST=127.0.0.1:8081

Note: Support for Datastore Mode is in preview. If you encounter any bugs please file at https://github.com/firebase/firebase-tools/issues.
Dev App Server is now running.

 {"metadata":{"emulator":{"name":"firestore"},"message":"\nIf you are using a library that supports the FIRESTORE_EMULATOR_HOST environment variable, run:\r\n\n   export FIRESTORE_EMULATOR_HOST=127.0.0.1:8081\n\nIf you are running a Firestore in Datastore Mode project, run:\r\n\n   export DATASTORE_EMULATOR_HOST=127.0.0.1:8081\n\nNote: Support for Datastore Mode is in preview. If you encounter any bugs please file at https://github.com/firebase/firebase-tools/issues.\r\nDev App Server is now running.\n\r\n"}}
[info] +  firestore: Firestore Emulator UI websocket is running on 9150. {"metadata":{"emulator":{"name":"firestore"},"message":"Firestore Emulator UI websocket is running on 9150."}}
[debug] [2025-12-10T00:34:25.196Z] Ignoring unsupported arg: port {"metadata":{"emulator":{"name":"storage"},"message":"Ignoring unsupported arg: port"}}
[debug] [2025-12-10T00:34:25.920Z] Temp file directory for storage emulator: C:\Users\ABOHAM~1\AppData\Local\Temp/firebase/storage/blobs {"metadata":{"emulator":{"name":"storage"},"message":"Temp file directory for storage emulator: C:\\Users\\ABOHAM~1\\AppData\\Local\\Temp/firebase/storage/blobs"}}
[debug] [2025-12-10T00:34:25.929Z] [Extensions] Connecting Extensions emulator, this is a noop.
[info] i  functions: Watching "C:\Users\Abo Hamza\Desktop\T-REX_Shop_fu\functions" for Cloud Functions... {"metadata":{"emulator":{"name":"functions"},"message":"Watching \"C:\\Users\\Abo Hamza\\Desktop\\T-REX_Shop_fu\\functions\" for Cloud Functions..."}}
[debug] [2025-12-10T00:34:25.934Z] Validating nodejs source
[warn] !  functions: package.json indicates an outdated version of firebase-functions. Please upgrade using npm install --save firebase-functions@latest in your functions directory. 
[debug] [2025-12-10T00:34:27.454Z] > [functions] package.json contents: {
  "name": "functions",
  "description": "Cloud Functions for Firebase",
  "scripts": {
    "lint": "eslint .",
    "serve": "firebase emulators:start --only functions",
    "shell": "firebase functions:shell",
    "start": "npm run shell",
    "deploy": "firebase deploy --only functions",
    "logs": "firebase functions:log"
  },
  "engines": {
    "node": "24"
  },
  "main": "index.js",
  "dependencies": {
    "firebase-admin": "^13.6.0",
    "firebase-functions": "^7.0.0"
  },
  "devDependencies": {
    "eslint": "^8.15.0",
    "eslint-config-google": "^0.14.0",
    "firebase-functions-test": "^3.4.1"
  },
  "private": true
}
[debug] [2025-12-10T00:34:27.454Z] Building nodejs source
[debug] [2025-12-10T00:34:27.454Z] Failed to find version of module node: reached end of search path C:\Users\Abo Hamza\Desktop\T-REX_Shop_fu\functions\node_modules
[info] +  functions: Using node@24 from host. 
[debug] [2025-12-10T00:34:27.456Z] Could not find functions.yaml. Must use http discovery
[debug] [2025-12-10T00:34:27.461Z] Found firebase-functions binary at 'C:\Users\Abo Hamza\Desktop\T-REX_Shop_fu\functions\node_modules\.bin\firebase-functions'
[info] Serving at port 8823

[debug] [2025-12-10T00:34:28.370Z] Got response from /__/functions.yaml {"endpoints":{},"specVersion":"v1alpha1","requiredAPIs":[],"extensions":{}}
[debug] [2025-12-10T00:34:32.390Z] defaultcredentials: writing to file C:\Users\Abo Hamza\AppData\Roaming\firebase\mmm773769835_gmail_com_application_default_credentials.json
[debug] [2025-12-10T00:34:32.391Z] Setting GAC to C:\Users\Abo Hamza\AppData\Roaming\firebase\mmm773769835_gmail_com_application_default_credentials.json {"metadata":{"emulator":{"name":"functions"},"message":"Setting GAC to C:\\Users\\Abo Hamza\\AppData\\Roaming\\firebase\\mmm773769835_gmail_com_application_default_credentials.json"}}
[info] +  functions: Loaded functions definitions from source: . {"metadata":{"emulator":{"name":"functions"},"message":"Loaded functions definitions from source: ."}}
[info] i  functions: Watching "C:\Users\Abo Hamza\Desktop\T-REX_Shop_fu\trex-functions" for Cloud Functions... {"metadata":{"emulator":{"name":"functions"},"message":"Watching \"C:\\Users\\Abo Hamza\\Desktop\\T-REX_Shop_fu\\trex-functions\" for Cloud Functions..."}}
[debug] [2025-12-10T00:34:32.394Z] Validating nodejs source
[debug] [2025-12-10T00:34:33.369Z] > [functions] package.json contents: {
  "name": "functions",
  "description": "Cloud Functions for Firebase",
  "scripts": {
    "lint": "eslint .",
    "serve": "firebase emulators:start --only functions",
    "shell": "firebase functions:shell",
    "start": "npm run shell",
    "deploy": "firebase deploy --only functions",
    "logs": "firebase functions:log"
  },
  "engines": {
    "node": "24"
  },
  "main": "index.js",
  "dependencies": {
    "firebase-admin": "^13.6.0",
    "firebase-functions": "^7.0.1"
  },
  "devDependencies": {
    "eslint": "^8.15.0",
    "eslint-config-google": "^0.14.0",
    "firebase-functions-test": "^3.4.1"
  },
  "private": true
}
[debug] [2025-12-10T00:34:33.369Z] Building nodejs source
[debug] [2025-12-10T00:34:33.369Z] Failed to find version of module node: reached end of search path C:\Users\Abo Hamza\Desktop\T-REX_Shop_fu\trex-functions\node_modules
[info] +  functions: Using node@24 from host. 
[debug] [2025-12-10T00:34:33.370Z] Could not find functions.yaml. Must use http discovery
[debug] [2025-12-10T00:34:33.374Z] Found firebase-functions binary at 'C:\Users\Abo Hamza\Desktop\T-REX_Shop_fu\trex-functions\node_modules\.bin\firebase-functions'
[info] Serving at port 8457

[debug] [2025-12-10T00:34:34.280Z] Got response from /__/functions.yaml {"endpoints":{},"specVersion":"v1alpha1","requiredAPIs":[],"extensions":{}}
[debug] [2025-12-10T00:34:38.296Z] defaultcredentials: writing to file C:\Users\Abo Hamza\AppData\Roaming\firebase\mmm773769835_gmail_com_application_default_credentials.json
[debug] [2025-12-10T00:34:38.297Z] Setting GAC to C:\Users\Abo Hamza\AppData\Roaming\firebase\mmm773769835_gmail_com_application_default_credentials.json {"metadata":{"emulator":{"name":"functions"},"message":"Setting GAC to C:\\Users\\Abo Hamza\\AppData\\Roaming\\firebase\\mmm773769835_gmail_com_application_default_credentials.json"}}
[info] +  functions: Loaded functions definitions from source: . {"metadata":{"emulator":{"name":"functions"},"message":"Loaded functions definitions from source: ."}}
[debug] [2025-12-10T00:34:38.301Z] Could not find VSCode notification endpoint: FetchError: request to http://localhost:40001/vscode/notify failed, reason: . If you are not running the Firebase Data Connect VSCode extension, this is expected and not an issue.
[info] 
┌─────────────────────────────────────────────────────────────┐
│ ✔  All emulators ready! It is now safe to connect your app. │
│ i  View Emulator UI at http://127.0.0.1:4002/               │
└─────────────────────────────────────────────────────────────┘

┌────────────────┬────────────────┬──────────────────────────────────┐
│ Emulator       │ Host:Port      │ View in Emulator UI              │
├────────────────┼────────────────┼──────────────────────────────────┤
│ Authentication │ 127.0.0.1:9099 │ http://127.0.0.1:4002/auth       │
├────────────────┼────────────────┼──────────────────────────────────┤
│ Functions      │ 127.0.0.1:5001 │ http://127.0.0.1:4002/functions  │
├────────────────┼────────────────┼──────────────────────────────────┤
│ Firestore      │ 127.0.0.1:8081 │ http://127.0.0.1:4002/firestore  │
├────────────────┼────────────────┼──────────────────────────────────┤
│ Storage        │ 127.0.0.1:9200 │ http://127.0.0.1:4002/storage    │
├────────────────┼────────────────┼──────────────────────────────────┤
│ Extensions     │ 127.0.0.1:5001 │ http://127.0.0.1:4002/extensions │
└────────────────┴────────────────┴──────────────────────────────────┘
  Emulator Hub host: 127.0.0.1 port: 4400
  Other reserved ports: 4500, 9150
┌─────────────────────────┬───────────────┬─────────────────────┐
│ Extension Instance Name │ Extension Ref │ View in Emulator UI │
└─────────────────────────┴───────────────┴─────────────────────┘
Issues? Report them at https://github.com/firebase/firebase-tools/issues and attach the *-debug.log files.
 
[warn] !  emulators: firebase-tools will drop support for Java version < 21 soon in firebase-tools@15. Please install a JDK at version 21 or above to get a compatible runtime. 
